#
# A fatal error has been detected by the Java Runtime Environment:
#
#  Internal Error (javaClasses.cpp:136), pid=16974, tid=139885712058112
#  fatal error: Invalid layout of preloaded class
#
# JRE version:  (7.0_51-b13) (build )
# Java VM: Java HotSpot(TM) 64-Bit Server VM (24.51-b03 mixed mode linux-amd64 compressed oops)
# Failed to write core dump. Core dumps have been disabled. To enable core dumping, try "ulimit -c unlimited" before starting Java again
#
# If you would like to submit a bug report, please visit:
#   http://bugreport.sun.com/bugreport/crash.jsp
#

---------------  T H R E A D  ---------------

Current thread (0x00007f39a800a000):  JavaThread "Unknown thread" [_thread_in_vm, id=16976, stack(0x00007f39ae1d2000,0x00007f39ae2d3000)]

Stack: [0x00007f39ae1d2000,0x00007f39ae2d3000],  sp=0x00007f39ae2d1780,  free space=1021k
Native frames: (J=compiled Java code, j=interpreted, Vv=VM code, C=native code)
V  [libjvm.so+0x992f4a]  VMError::report_and_die()+0x2ea
V  [libjvm.so+0x493569]  report_fatal(char const*, int, char const*)+0x59
V  [libjvm.so+0x5fdce0]  compute_offset(int&, klassOopDesc*, Symbol*, Symbol*, bool)+0x140
V  [libjvm.so+0x5fe7f9]  java_lang_String::compute_offsets()+0x39
V  [libjvm.so+0x9191c5]  SystemDictionary::initialize_preloaded_classes(Thread*)+0x1a5
V  [libjvm.so+0x967f04]  Universe::genesis(Thread*)+0x494
V  [libjvm.so+0x9683b9]  universe2_init()+0x29
V  [libjvm.so+0x5a967d]  init_globals()+0xbd
V  [libjvm.so+0x94ef8d]  Threads::create_vm(JavaVMInitArgs*, bool*)+0x1ed
V  [libjvm.so+0x6307e4]  JNI_CreateJavaVM+0x74
C  [libjli.so+0x2f8e]  JavaMain+0x9e


---------------  P R O C E S S  ---------------

Java Threads: ( => current thread )

Other Threads:

=>0x00007f39a800a000 (exited) JavaThread "Unknown thread" [_thread_in_vm, id=16976, stack(0x00007f39ae1d2000,0x00007f39ae2d3000)]

VM state:not at safepoint (not fully initialized)

VM Mutex/Monitor currently owned by a thread: None

GC Heap History (0 events):
No events

Deoptimization events (0 events):
No events

Internal exceptions (0 events):
No events

Events (10 events):
Event: 0.021 loading class 0x00007f39a23bc6f0 done
Event: 0.021 loading class 0x00007f39a23bc110 done
Event: 0.021 loading class 0x00007f39a23bc0f0
Event: 0.022 loading class 0x00007f39a23c41f0
Event: 0.022 loading class 0x00007f39a23c41f0 done
Event: 0.022 loading class 0x00007f39a23c4220
Event: 0.022 loading class 0x00007f39a23c4220 done
Event: 0.022 loading class 0x00007f39a23c4250
Event: 0.022 loading class 0x00007f39a23c4250 done
Event: 0.022 loading class 0x00007f39a23bc0f0 done


Dynamic libraries:
00400000-00401000 r-xp 00000000 08:02 3030207                            /usr/lib/jvm/java-7-oracle/bin/java
00600000-00601000 rw-p 00000000 08:02 3030207                            /usr/lib/jvm/java-7-oracle/bin/java
01e4c000-01e6d000 rw-p 00000000 00:00 0                                  [heap]
cbc00000-cd100000 rw-p 00000000 00:00 0 
cd100000-d0e00000 rw-p 00000000 00:00 0 
d0e00000-d2d00000 rw-p 00000000 00:00 0 
d2d00000-f0480000 rw-p 00000000 00:00 0 
f0480000-f1480000 rw-p 00000000 00:00 0 
f1480000-100000000 rw-p 00000000 00:00 0 
7f3994000000-7f3994021000 rw-p 00000000 00:00 0 
7f3994021000-7f3998000000 ---p 00000000 00:00 0 
7f399c000000-7f399c021000 rw-p 00000000 00:00 0 
7f399c021000-7f39a0000000 ---p 00000000 00:00 0 
7f39a2003000-7f39a226f000 rw-p 00000000 00:00 0 
7f39a226f000-7f39a2346000 r--s 013f2000 08:02 659139                     /opt/adt/sdk/platforms/android-19/android.jar
7f39a2346000-7f39a3fd9000 rw-p 00000000 00:00 0 
7f39a3fd9000-7f39a3fda000 ---p 00000000 00:00 0 
7f39a3fda000-7f39a40da000 rw-p 00000000 00:00 0                          [stack:16979]
7f39a40da000-7f39a40db000 ---p 00000000 00:00 0 
7f39a40db000-7f39a41e6000 rw-p 00000000 00:00 0                          [stack:16978]
7f39a41e6000-7f39a4204000 rw-p 00000000 00:00 0 
7f39a4204000-7f39a4214000 rw-p 00000000 00:00 0 
7f39a4214000-7f39a42ff000 rw-p 00000000 00:00 0 
7f39a42ff000-7f39a4308000 rw-p 00000000 00:00 0 
7f39a4308000-7f39a437d000 rw-p 00000000 00:00 0 
7f39a437d000-7f39a437e000 rw-p 00000000 00:00 0 
7f39a437e000-7f39a45ee000 rwxp 00000000 00:00 0 
7f39a45ee000-7f39a737e000 rw-p 00000000 00:00 0 
7f39a737e000-7f39a7398000 r-xp 00000000 08:02 3156294                    /usr/lib/jvm/java-7-oracle/jre/lib/amd64/libzip.so
7f39a7398000-7f39a7598000 ---p 0001a000 08:02 3156294                    /usr/lib/jvm/java-7-oracle/jre/lib/amd64/libzip.so
7f39a7598000-7f39a7599000 rw-p 0001a000 08:02 3156294                    /usr/lib/jvm/java-7-oracle/jre/lib/amd64/libzip.so
7f39a7599000-7f39a75a5000 r-xp 00000000 08:02 4345464                    /lib/x86_64-linux-gnu/libnss_files-2.17.so
7f39a75a5000-7f39a77a4000 ---p 0000c000 08:02 4345464                    /lib/x86_64-linux-gnu/libnss_files-2.17.so
7f39a77a4000-7f39a77a5000 r--p 0000b000 08:02 4345464                    /lib/x86_64-linux-gnu/libnss_files-2.17.so
7f39a77a5000-7f39a77a6000 rw-p 0000c000 08:02 4345464                    /lib/x86_64-linux-gnu/libnss_files-2.17.so
7f39a77a6000-7f39a77b1000 r-xp 00000000 08:02 4345471                    /lib/x86_64-linux-gnu/libnss_nis-2.17.so
7f39a77b1000-7f39a79b0000 ---p 0000b000 08:02 4345471                    /lib/x86_64-linux-gnu/libnss_nis-2.17.so
7f39a79b0000-7f39a79b1000 r--p 0000a000 08:02 4345471                    /lib/x86_64-linux-gnu/libnss_nis-2.17.so
7f39a79b1000-7f39a79b2000 rw-p 0000b000 08:02 4345471                    /lib/x86_64-linux-gnu/libnss_nis-2.17.so
7f39a79b2000-7f39a79c9000 r-xp 00000000 08:02 4345460                    /lib/x86_64-linux-gnu/libnsl-2.17.so
7f39a79c9000-7f39a7bc8000 ---p 00017000 08:02 4345460                    /lib/x86_64-linux-gnu/libnsl-2.17.so
7f39a7bc8000-7f39a7bc9000 r--p 00016000 08:02 4345460                    /lib/x86_64-linux-gnu/libnsl-2.17.so
7f39a7bc9000-7f39a7bca000 rw-p 00017000 08:02 4345460                    /lib/x86_64-linux-gnu/libnsl-2.17.so
7f39a7bca000-7f39a7bcc000 rw-p 00000000 00:00 0 
7f39a7bcc000-7f39a7bd4000 r-xp 00000000 08:02 4345473                    /lib/x86_64-linux-gnu/libnss_compat-2.17.so
7f39a7bd4000-7f39a7dd3000 ---p 00008000 08:02 4345473                    /lib/x86_64-linux-gnu/libnss_compat-2.17.so
7f39a7dd3000-7f39a7dd4000 r--p 00007000 08:02 4345473                    /lib/x86_64-linux-gnu/libnss_compat-2.17.so
7f39a7dd4000-7f39a7dd5000 rw-p 00008000 08:02 4345473                    /lib/x86_64-linux-gnu/libnss_compat-2.17.so
7f39a7dd5000-7f39a7dfe000 r-xp 00000000 08:02 3156292                    /usr/lib/jvm/java-7-oracle/jre/lib/amd64/libjava.so
7f39a7dfe000-7f39a7ffe000 ---p 00029000 08:02 3156292                    /usr/lib/jvm/java-7-oracle/jre/lib/amd64/libjava.so
7f39a7ffe000-7f39a8000000 rw-p 00029000 08:02 3156292                    /usr/lib/jvm/java-7-oracle/jre/lib/amd64/libjava.so
7f39a8000000-7f39a8051000 rw-p 00000000 00:00 0 
7f39a8051000-7f39ac000000 ---p 00000000 00:00 0 
7f39ac00d000-7f39ac040000 rw-p 00000000 00:00 0 
7f39ac040000-7f39ac05e000 rw-p 00000000 00:00 0 
7f39ac05e000-7f39ac06e000 rw-p 00000000 00:00 0 
7f39ac06e000-7f39ac15a000 rw-p 00000000 00:00 0 
7f39ac15a000-7f39ac167000 r-xp 00000000 08:02 3156318                    /usr/lib/jvm/java-7-oracle/jre/lib/amd64/libverify.so
7f39ac167000-7f39ac366000 ---p 0000d000 08:02 3156318                    /usr/lib/jvm/java-7-oracle/jre/lib/amd64/libverify.so
7f39ac366000-7f39ac368000 rw-p 0000c000 08:02 3156318                    /usr/lib/jvm/java-7-oracle/jre/lib/amd64/libverify.so
7f39ac368000-7f39ac36f000 r-xp 00000000 08:02 4345467                    /lib/x86_64-linux-gnu/librt-2.17.so
7f39ac36f000-7f39ac56e000 ---p 00007000 08:02 4345467                    /lib/x86_64-linux-gnu/librt-2.17.so
7f39ac56e000-7f39ac56f000 r--p 00006000 08:02 4345467                    /lib/x86_64-linux-gnu/librt-2.17.so
7f39ac56f000-7f39ac570000 rw-p 00007000 08:02 4345467                    /lib/x86_64-linux-gnu/librt-2.17.so
7f39ac570000-7f39ac673000 r-xp 00000000 08:02 4345472                    /lib/x86_64-linux-gnu/libm-2.17.so
7f39ac673000-7f39ac873000 ---p 00103000 08:02 4345472                    /lib/x86_64-linux-gnu/libm-2.17.so
7f39ac873000-7f39ac874000 r--p 00103000 08:02 4345472                    /lib/x86_64-linux-gnu/libm-2.17.so
7f39ac874000-7f39ac875000 rw-p 00104000 08:02 4345472                    /lib/x86_64-linux-gnu/libm-2.17.so
7f39ac875000-7f39ad3d7000 r-xp 00000000 08:02 3430485                    /usr/lib/jvm/java-7-oracle/jre/lib/amd64/server/libjvm.so
7f39ad3d7000-7f39ad5d7000 ---p 00b62000 08:02 3430485                    /usr/lib/jvm/java-7-oracle/jre/lib/amd64/server/libjvm.so
7f39ad5d7000-7f39ad69a000 rw-p 00b62000 08:02 3430485                    /usr/lib/jvm/java-7-oracle/jre/lib/amd64/server/libjvm.so
7f39ad69a000-7f39ad6db000 rw-p 00000000 00:00 0 
7f39ad6db000-7f39ad89a000 r-xp 00000000 08:02 4345475                    /lib/x86_64-linux-gnu/libc-2.17.so
7f39ad89a000-7f39ada99000 ---p 001bf000 08:02 4345475                    /lib/x86_64-linux-gnu/libc-2.17.so
7f39ada99000-7f39ada9d000 r--p 001be000 08:02 4345475                    /lib/x86_64-linux-gnu/libc-2.17.so
7f39ada9d000-7f39ada9f000 rw-p 001c2000 08:02 4345475                    /lib/x86_64-linux-gnu/libc-2.17.so
7f39ada9f000-7f39adaa4000 rw-p 00000000 00:00 0 
7f39adaa4000-7f39adaa7000 r-xp 00000000 08:02 4345463                    /lib/x86_64-linux-gnu/libdl-2.17.so
7f39adaa7000-7f39adca6000 ---p 00003000 08:02 4345463                    /lib/x86_64-linux-gnu/libdl-2.17.so
7f39adca6000-7f39adca7000 r--p 00002000 08:02 4345463                    /lib/x86_64-linux-gnu/libdl-2.17.so
7f39adca7000-7f39adca8000 rw-p 00003000 08:02 4345463                    /lib/x86_64-linux-gnu/libdl-2.17.so
7f39adca8000-7f39adcbe000 r-xp 00000000 08:02 2260256                    /usr/lib/jvm/java-7-oracle/lib/amd64/jli/libjli.so
7f39adcbe000-7f39adebe000 ---p 00016000 08:02 2260256                    /usr/lib/jvm/java-7-oracle/lib/amd64/jli/libjli.so
7f39adebe000-7f39adebf000 rw-p 00016000 08:02 2260256                    /usr/lib/jvm/java-7-oracle/lib/amd64/jli/libjli.so
7f39adebf000-7f39aded7000 r-xp 00000000 08:02 4345461                    /lib/x86_64-linux-gnu/libpthread-2.17.so
7f39aded7000-7f39ae0d6000 ---p 00018000 08:02 4345461                    /lib/x86_64-linux-gnu/libpthread-2.17.so
7f39ae0d6000-7f39ae0d7000 r--p 00017000 08:02 4345461                    /lib/x86_64-linux-gnu/libpthread-2.17.so
7f39ae0d7000-7f39ae0d8000 rw-p 00018000 08:02 4345461                    /lib/x86_64-linux-gnu/libpthread-2.17.so
7f39ae0d8000-7f39ae0dc000 rw-p 00000000 00:00 0 
7f39ae0dc000-7f39ae0ff000 r-xp 00000000 08:02 4345454                    /lib/x86_64-linux-gnu/ld-2.17.so
7f39ae112000-7f39ae11c000 rw-p 00000000 00:00 0 
7f39ae11c000-7f39ae1d2000 rw-p 00000000 00:00 0 
7f39ae1d2000-7f39ae1d5000 ---p 00000000 00:00 0 
7f39ae1d5000-7f39ae2d7000 rw-p 00000000 00:00 0                          [stack:16976]
7f39ae2df000-7f39ae2f2000 rw-p 00000000 00:00 0 
7f39ae2f2000-7f39ae2fa000 rw-s 00000000 08:02 3286588                    /tmp/hsperfdata_phil/16974
7f39ae2fa000-7f39ae2fb000 rw-p 00000000 00:00 0 
7f39ae2fb000-7f39ae2fc000 r--p 00000000 00:00 0 
7f39ae2fc000-7f39ae2fe000 rw-p 00000000 00:00 0 
7f39ae2fe000-7f39ae2ff000 r--p 00022000 08:02 4345454                    /lib/x86_64-linux-gnu/ld-2.17.so
7f39ae2ff000-7f39ae301000 rw-p 00023000 08:02 4345454                    /lib/x86_64-linux-gnu/ld-2.17.so
7fffac660000-7fffac681000 rw-p 00000000 00:00 0                          [stack]
7fffac704000-7fffac706000 r-xp 00000000 00:00 0                          [vdso]
ffffffffff600000-ffffffffff601000 r-xp 00000000 00:00 0                  [vsyscall]

VM Arguments:
jvm_args: -Dfile.encoding=UTF-8 -Xbootclasspath:/opt/adt/sdk/platforms/android-19/android.jar 
java_command: de.uniulm.bagception.bundlemessageprotocol.entities.Item
Launcher Type: SUN_STANDARD

Environment Variables:
PATH=/home/phil/bin:/usr/local/sbin:/usr/local/bin:/usr/sbin:/usr/bin:/sbin:/bin:/usr/games:/usr/local/games
USERNAME=phil
SHELL=/bin/bash
DISPLAY=:0.0

Signal Handlers:
SIGSEGV: [libjvm.so+0x993870], sa_mask[0]=0x7ffbfeff, sa_flags=0x10000004
SIGBUS: [libjvm.so+0x993870], sa_mask[0]=0x7ffbfeff, sa_flags=0x10000004
SIGFPE: [libjvm.so+0x8105b0], sa_mask[0]=0x7ffbfeff, sa_flags=0x10000004
SIGPIPE: [libjvm.so+0x8105b0], sa_mask[0]=0x7ffbfeff, sa_flags=0x10000004
SIGXFSZ: [libjvm.so+0x8105b0], sa_mask[0]=0x7ffbfeff, sa_flags=0x10000004
SIGILL: [libjvm.so+0x8105b0], sa_mask[0]=0x7ffbfeff, sa_flags=0x10000004
SIGUSR1: SIG_DFL, sa_mask[0]=0x00000000, sa_flags=0x00000000
SIGUSR2: [libjvm.so+0x811aa0], sa_mask[0]=0x00000004, sa_flags=0x10000004
SIGHUP: SIG_DFL, sa_mask[0]=0x00000000, sa_flags=0x00000000
SIGINT: SIG_DFL, sa_mask[0]=0x00000000, sa_flags=0x00000000
SIGTERM: SIG_DFL, sa_mask[0]=0x00000000, sa_flags=0x00000000
SIGQUIT: SIG_DFL, sa_mask[0]=0x00000000, sa_flags=0x00000000


---------------  S Y S T E M  ---------------

OS:wheezy/sid

uname:Linux 3.8.0-25-generic #37-Ubuntu SMP Thu Jun 6 20:47:07 UTC 2013 x86_64
libc:glibc 2.17 NPTL 2.17 
rlimit: STACK 8192k, CORE 0k, NPROC 23926, NOFILE 4096, AS infinity
load average:0.66 0.52 0.46

/proc/meminfo:
MemTotal:        3081608 kB
MemFree:          615812 kB
Buffers:          261208 kB
Cached:           677840 kB
SwapCached:           28 kB
Active:          1354016 kB
Inactive:         870280 kB
Active(anon):     851896 kB
Inactive(anon):   440992 kB
Active(file):     502120 kB
Inactive(file):   429288 kB
Unevictable:           0 kB
Mlocked:               0 kB
SwapTotal:       2648060 kB
SwapFree:        2646520 kB
Dirty:              1572 kB
Writeback:             0 kB
AnonPages:       1285444 kB
Mapped:           166052 kB
Shmem:              7592 kB
Slab:             166636 kB
SReclaimable:     143308 kB
SUnreclaim:        23328 kB
KernelStack:        3264 kB
PageTables:        31908 kB
NFS_Unstable:          0 kB
Bounce:                0 kB
WritebackTmp:          0 kB
CommitLimit:     4188864 kB
Committed_AS:    2812472 kB
VmallocTotal:   34359738367 kB
VmallocUsed:       87992 kB
VmallocChunk:   34359646896 kB
HardwareCorrupted:     0 kB
AnonHugePages:         0 kB
HugePages_Total:       0
HugePages_Free:        0
HugePages_Rsvd:        0
HugePages_Surp:        0
Hugepagesize:       2048 kB
DirectMap4k:       45592 kB
DirectMap2M:     3098624 kB


CPU:total 2 (1 cores per cpu, 2 threads per core) family 15 model 4 stepping 3, cmov, cx8, fxsr, mmx, sse, sse2, sse3, ht, tsc

/proc/cpuinfo:
processor	: 0
vendor_id	: GenuineIntel
cpu family	: 15
model		: 4
model name	: Intel(R) Pentium(R) 4 CPU 3.00GHz
stepping	: 3
microcode	: 0x5
cpu MHz		: 2800.000
cache size	: 2048 KB
physical id	: 0
siblings	: 1
core id		: 0
cpu cores	: 1
apicid		: 0
initial apicid	: 0
fpu		: yes
fpu_exception	: yes
cpuid level	: 5
wp		: yes
flags		: fpu vme de pse tsc msr pae mce cx8 apic sep mtrr pge mca cmov pat pse36 clflush dts acpi mmx fxsr sse sse2 ss ht tm pbe syscall nx lm constant_tsc pebs bts nopl pni dtes64 monitor ds_cpl est cid cx16 xtpr
bogomips	: 5985.54
clflush size	: 64
cache_alignment	: 128
address sizes	: 36 bits physical, 48 bits virtual
power management:

processor	: 1
vendor_id	: GenuineIntel
cpu family	: 15
model		: 4
model name	: Intel(R) Pentium(R) 4 CPU 3.00GHz
stepping	: 3
microcode	: 0x5
cpu MHz		: 2800.000
cache size	: 2048 KB
physical id	: 0
siblings	: 1
core id		: 0
cpu cores	: 0
apicid		: 1
initial apicid	: 1
fpu		: yes
fpu_exception	: yes
cpuid level	: 5
wp		: yes
flags		: fpu vme de pse tsc msr pae mce cx8 apic sep mtrr pge mca cmov pat pse36 clflush dts acpi mmx fxsr sse sse2 ss ht tm pbe syscall nx lm constant_tsc pebs bts nopl pni dtes64 monitor ds_cpl est cid cx16 xtpr
bogomips	: 5985.54
clflush size	: 64
cache_alignment	: 128
address sizes	: 36 bits physical, 48 bits virtual
power management:



Memory: 4k page, physical 3081608k(615812k free), swap 2648060k(2646520k free)

vm_info: Java HotSpot(TM) 64-Bit Server VM (24.51-b03) for linux-amd64 JRE (1.7.0_51-b13), built on Dec 18 2013 18:48:01 by "java_re" with gcc 4.3.0 20080428 (Red Hat 4.3.0-8)

time: Mon Jan 27 15:04:04 2014
elapsed time: 0 seconds

